[2025-12-30T01:05:12.704Z] [INFO] 🔄 Iniciando INCREMENTAL SYNC
[2025-12-30T01:05:14.222Z] [INFO] 📅 Buscando cambios desde: 2025-12-27T23:12:26+00:00
[2025-12-30T01:05:20.774Z] [INFO] ✓ 250 leads actualizados
[2025-12-30T01:05:21.020Z] [INFO] 📅 Buscando eventos nuevos...
[2025-12-30T01:05:21.632Z] [INFO]    └─ Procesados 165 eventos nuevos...
[2025-12-30T01:05:22.580Z] [INFO]    └─ Procesados 183 eventos nuevos...
[2025-12-30T01:05:23.781Z] [INFO]    └─ Procesados 242 eventos nuevos...
[2025-12-30T01:05:24.770Z] [INFO]    └─ Procesados 238 eventos nuevos...
[2025-12-30T01:05:25.582Z] [INFO]    └─ Procesados 197 eventos nuevos...
[2025-12-30T01:05:26.719Z] [INFO]    └─ Procesados 205 eventos nuevos...
[2025-12-30T01:05:27.571Z] [INFO]    └─ Procesados 238 eventos nuevos...
[2025-12-30T01:05:28.217Z] [INFO]    └─ Procesados 4 eventos nuevos...
[2025-12-30T01:05:28.770Z] [INFO] 🔢 Recalculando métricas...
[2025-12-30T01:05:31.070Z] [INFO] ✅ Métricas recalculadas en 2.30s
[2025-12-30T01:05:31.071Z] [INFO] ✅ Sincronización incremental completada en 18.35s. Nuevos: 1472, Saltados: 282
[2025-12-30T01:12:41.071Z] [INFO] 🔄 Iniciando INCREMENTAL SYNC
[2025-12-30T01:12:41.381Z] [INFO] 📅 Buscando cambios desde: 2025-12-29T23:00:11+00:00
[2025-12-30T01:12:46.482Z] [INFO] ✓ 102 leads actualizados
[2025-12-30T01:12:46.661Z] [INFO] 📅 Buscando eventos nuevos...
[2025-12-30T01:12:47.156Z] [INFO]    └─ Procesados 250 eventos nuevos...
[2025-12-30T01:12:47.808Z] [INFO]    └─ Procesados 78 eventos nuevos...
[2025-12-30T01:12:48.270Z] [INFO] 🔢 Recalculando métricas...
[2025-12-30T01:12:50.148Z] [INFO] ✅ Métricas recalculadas en 1.88s
[2025-12-30T01:12:50.150Z] [INFO] ✅ Sincronización incremental completada en 9.07s. Nuevos: 328, Saltados: 0
